<?xml version="1.0" encoding="UTF-8" ?>
<testsuites disabled="0" errors="0" failures="11" tests="47" time="2220.471">
 <testsuite name="YRC Quote Creation by admin testcases" timestamp="2020-06-27T18:22:42" hostname="localhost" time="264.105" errors="0" tests="4" skipped="0" disabled="0" failures="0">
  <testcase classname="YRC Quote Creation by admin testcases" name="should calculate the net charge properly for vanilla inputs" time="52.324" />
  <testcase classname="YRC Quote Creation by admin testcases" name="should calculate the net charge properly for either ORIGIN or DESTINATION BEING CA" time="43.426" />
  <testcase classname="YRC Quote Creation by admin testcases" name="should calculate the net charge properly for Yrc Quote creations by non direct" time="42.176" />
  <testcase classname="YRC Quote Creation by admin testcases" name="should calculate the net charge properly for Yrc quote creation for Highcost related to Min charge" time="44.838" />
 </testsuite>
 <testsuite name="Fedex Economy Quote Creation by admin testcases in Internal Page" timestamp="2020-06-27T18:27:06" hostname="localhost" time="201.256" errors="0" tests="4" skipped="0" disabled="0" failures="0">
  <testcase classname="Fedex Economy Quote Creation by admin testcases in Internal Page" name="should calculate the net charge properly for InterRegional zipcodes" time="38.403" />
  <testcase classname="Fedex Economy Quote Creation by admin testcases in Internal Page" name="should calculate the net charge properly for Regional inputs" time="38.287" />
  <testcase classname="Fedex Economy Quote Creation by admin testcases in Internal Page" name="should calculate the net charge properly for California charge inputs" time="38.108" />
  <testcase classname="Fedex Economy Quote Creation by admin testcases in Internal Page" name="should calculate the net charge properly for High cost charge inputs" time="39.123" />
 </testsuite>
 <testsuite name="Reddaway Quote Creation by admin testcases in the internal page" timestamp="2020-06-27T18:30:27" hostname="localhost" time="342.806" errors="0" tests="7" skipped="0" disabled="0" failures="1">
  <testcase classname="Reddaway Quote Creation by admin testcases in the internal page" name="Reddaway should calculate the net charge properly for Non Direct Zipcodes" time="39.274">
   <failure type="exception" message="Failed: No element found using locator: By(css selector, *[id=&quot;reddawayView&quot;])"><![CDATA[NoSuchElementError: No element found using locator: By(css selector, *[id="reddawayView"])
    at C:\Users\janani\AppData\Roaming\npm\node_modules\protractor\built\element.js:814:27
    at ManagedPromise.invokeCallback_ (C:\Users\janani\AppData\Roaming\npm\node_modules\protractor\node_modules\selenium-webdriver\lib\promise.js:1376:14)
    at TaskQueue.execute_ (C:\Users\janani\AppData\Roaming\npm\node_modules\protractor\node_modules\selenium-webdriver\lib\promise.js:3084:14)
    at TaskQueue.executeNext_ (C:\Users\janani\AppData\Roaming\npm\node_modules\protractor\node_modules\selenium-webdriver\lib\promise.js:3067:27)
    at C:\Users\janani\AppData\Roaming\npm\node_modules\protractor\node_modules\selenium-webdriver\lib\promise.js:2927:27
    at C:\Users\janani\AppData\Roaming\npm\node_modules\protractor\node_modules\selenium-webdriver\lib\promise.js:668:7
    at runMicrotasks (<anonymous>)
    at processTicksAndRejections (internal/process/task_queues.js:97:5)Error
    at ElementArrayFinder.applyAction_ (C:\Users\janani\AppData\Roaming\npm\node_modules\protractor\built\element.js:459:27)
    at ElementArrayFinder.<computed> [as getId] (C:\Users\janani\AppData\Roaming\npm\node_modules\protractor\built\element.js:91:29)
    at ElementFinder.<computed> [as getId] (C:\Users\janani\AppData\Roaming\npm\node_modules\protractor\built\element.js:831:22)
    at ActionSequence.mouseMove (C:\Users\janani\AppData\Roaming\npm\node_modules\protractor\node_modules\selenium-webdriver\lib\actions.js:151:44)
    at E:\fortee2e\branch\protractor-forte\newReddawayQuoteInternalView.js:92:27
    at ManagedPromise.invokeCallback_ (C:\Users\janani\AppData\Roaming\npm\node_modules\protractor\node_modules\selenium-webdriver\lib\promise.js:1376:14)
    at TaskQueue.execute_ (C:\Users\janani\AppData\Roaming\npm\node_modules\protractor\node_modules\selenium-webdriver\lib\promise.js:3084:14)
    at TaskQueue.executeNext_ (C:\Users\janani\AppData\Roaming\npm\node_modules\protractor\node_modules\selenium-webdriver\lib\promise.js:3067:27)
    at C:\Users\janani\AppData\Roaming\npm\node_modules\protractor\node_modules\selenium-webdriver\lib\promise.js:2927:27
    at C:\Users\janani\AppData\Roaming\npm\node_modules\protractor\node_modules\selenium-webdriver\lib\promise.js:668:7
From: Task: Run it("Reddaway should calculate the net charge properly for Non Direct Zipcodes") in control flow
    at UserContext.<anonymous> (C:\Users\janani\AppData\Roaming\npm\node_modules\protractor\node_modules\jasminewd2\index.js:94:19)
    at attempt (C:\Users\janani\AppData\Roaming\npm\node_modules\protractor\node_modules\jasmine-core\lib\jasmine-core\jasmine.js:4297:26)
    at QueueRunner.run (C:\Users\janani\AppData\Roaming\npm\node_modules\protractor\node_modules\jasmine-core\lib\jasmine-core\jasmine.js:4217:20)
    at QueueRunner.execute (C:\Users\janani\AppData\Roaming\npm\node_modules\protractor\node_modules\jasmine-core\lib\jasmine-core\jasmine.js:4199:10)
    at Spec.queueRunnerFactory (C:\Users\janani\AppData\Roaming\npm\node_modules\protractor\node_modules\jasmine-core\lib\jasmine-core\jasmine.js:909:35)
    at Spec.execute (C:\Users\janani\AppData\Roaming\npm\node_modules\protractor\node_modules\jasmine-core\lib\jasmine-core\jasmine.js:526:10)
    at UserContext.fn (C:\Users\janani\AppData\Roaming\npm\node_modules\protractor\node_modules\jasmine-core\lib\jasmine-core\jasmine.js:5340:37)
    at attempt (C:\Users\janani\AppData\Roaming\npm\node_modules\protractor\node_modules\jasmine-core\lib\jasmine-core\jasmine.js:4297:26)
    at QueueRunner.run (C:\Users\janani\AppData\Roaming\npm\node_modules\protractor\node_modules\jasmine-core\lib\jasmine-core\jasmine.js:4217:20)
    at runNext (C:\Users\janani\AppData\Roaming\npm\node_modules\protractor\node_modules\jasmine-core\lib\jasmine-core\jasmine.js:4257:20)
From asynchronous test: 
Error
    at Suite.<anonymous> (E:\fortee2e\branch\protractor-forte\newReddawayQuoteInternalView.js:69:3)
    at addSpecsToSuite (C:\Users\janani\AppData\Roaming\npm\node_modules\protractor\node_modules\jasmine-core\lib\jasmine-core\jasmine.js:1107:25)
    at Env.describe (C:\Users\janani\AppData\Roaming\npm\node_modules\protractor\node_modules\jasmine-core\lib\jasmine-core\jasmine.js:1074:7)
    at describe (C:\Users\janani\AppData\Roaming\npm\node_modules\protractor\node_modules\jasmine-core\lib\jasmine-core\jasmine.js:4399:18)
    at Object.<anonymous> (E:\fortee2e\branch\protractor-forte\newReddawayQuoteInternalView.js:23:1)
    at Module._compile (internal/modules/cjs/loader.js:1133:30)
    at Object.Module._extensions..js (internal/modules/cjs/loader.js:1153:10)
    at Module.load (internal/modules/cjs/loader.js:977:32)
    at Function.Module._load (internal/modules/cjs/loader.js:877:14)]]>
   </failure>
  </testcase>
  <testcase classname="Reddaway Quote Creation by admin testcases in the internal page" name="Reddaway should calculate the net charge properly for Direct Zipcodes" time="46.566" />
  <testcase classname="Reddaway Quote Creation by admin testcases in the internal page" name="Reddaway should calculate the net charge properly for California charge inputs" time="42.371" />
  <testcase classname="Reddaway Quote Creation by admin testcases in the internal page" name="Reddaway should include the High Cost charge for the High Cost zip codes for CWT" time="42.536" />
  <testcase classname="Reddaway Quote Creation by admin testcases in the internal page" name="Reddaway should include the High Cost charge  High Cost Lt Min Charge and Min Charge" time="42.357" />
  <testcase classname="Reddaway Quote Creation by admin testcases in the internal page" name="Reddaway should include the High Cost charge High Cost GT Max Charge" time="44.436" />
  <testcase classname="Reddaway Quote Creation by admin testcases in the internal page" name="Reddaway should include the additional Bay area charge SF Metro Charge to Zips currently not covered should be applied" time="42.338" />
 </testsuite>
 <testsuite name="YRC Quote Creation by admin for company that has rules" timestamp="2020-06-27T18:36:10" hostname="localhost" time="390.494" errors="0" tests="9" skipped="0" disabled="0" failures="1">
  <testcase classname="YRC Quote Creation by admin for company that has rules" name="YRC Intrastate AMC GT Discounted Rate-net charge should be calculated properly" time="38.465" />
  <testcase classname="YRC Quote Creation by admin for company that has rules" name="YRC Intrastate net charge should be calculated properly for configured ca charge and discounts" time="35.893">
   <failure type="exception" message="Failed: No element found using locator: By(css selector, *[id=&quot;yrcView&quot;])"><![CDATA[NoSuchElementError: No element found using locator: By(css selector, *[id="yrcView"])
    at C:\Users\janani\AppData\Roaming\npm\node_modules\protractor\built\element.js:814:27
    at ManagedPromise.invokeCallback_ (C:\Users\janani\AppData\Roaming\npm\node_modules\protractor\node_modules\selenium-webdriver\lib\promise.js:1376:14)
    at TaskQueue.execute_ (C:\Users\janani\AppData\Roaming\npm\node_modules\protractor\node_modules\selenium-webdriver\lib\promise.js:3084:14)
    at TaskQueue.executeNext_ (C:\Users\janani\AppData\Roaming\npm\node_modules\protractor\node_modules\selenium-webdriver\lib\promise.js:3067:27)
    at C:\Users\janani\AppData\Roaming\npm\node_modules\protractor\node_modules\selenium-webdriver\lib\promise.js:2927:27
    at C:\Users\janani\AppData\Roaming\npm\node_modules\protractor\node_modules\selenium-webdriver\lib\promise.js:668:7
    at processTicksAndRejections (internal/process/task_queues.js:97:5)Error
    at ElementArrayFinder.applyAction_ (C:\Users\janani\AppData\Roaming\npm\node_modules\protractor\built\element.js:459:27)
    at ElementArrayFinder.<computed> [as click] (C:\Users\janani\AppData\Roaming\npm\node_modules\protractor\built\element.js:91:29)
    at ElementFinder.<computed> [as click] (C:\Users\janani\AppData\Roaming\npm\node_modules\protractor\built\element.js:831:22)
    at InternalViewForm.clickViewButtonYrc (E:\fortee2e\branch\protractor-forte\pageobjects\InternalViewForm.js:108:21)
    at E:\fortee2e\branch\protractor-forte\newyrcquotewithcompanyrules.js:142:22
    at ManagedPromise.invokeCallback_ (C:\Users\janani\AppData\Roaming\npm\node_modules\protractor\node_modules\selenium-webdriver\lib\promise.js:1376:14)
    at TaskQueue.execute_ (C:\Users\janani\AppData\Roaming\npm\node_modules\protractor\node_modules\selenium-webdriver\lib\promise.js:3084:14)
    at TaskQueue.executeNext_ (C:\Users\janani\AppData\Roaming\npm\node_modules\protractor\node_modules\selenium-webdriver\lib\promise.js:3067:27)
    at C:\Users\janani\AppData\Roaming\npm\node_modules\protractor\node_modules\selenium-webdriver\lib\promise.js:2927:27
    at C:\Users\janani\AppData\Roaming\npm\node_modules\protractor\node_modules\selenium-webdriver\lib\promise.js:668:7
From: Task: Run it("YRC Intrastate net charge should be calculated properly for configured ca charge and discounts") in control flow
    at UserContext.<anonymous> (C:\Users\janani\AppData\Roaming\npm\node_modules\protractor\node_modules\jasminewd2\index.js:94:19)
    at attempt (C:\Users\janani\AppData\Roaming\npm\node_modules\protractor\node_modules\jasmine-core\lib\jasmine-core\jasmine.js:4297:26)
    at QueueRunner.run (C:\Users\janani\AppData\Roaming\npm\node_modules\protractor\node_modules\jasmine-core\lib\jasmine-core\jasmine.js:4217:20)
    at QueueRunner.execute (C:\Users\janani\AppData\Roaming\npm\node_modules\protractor\node_modules\jasmine-core\lib\jasmine-core\jasmine.js:4199:10)
    at Spec.queueRunnerFactory (C:\Users\janani\AppData\Roaming\npm\node_modules\protractor\node_modules\jasmine-core\lib\jasmine-core\jasmine.js:909:35)
    at Spec.execute (C:\Users\janani\AppData\Roaming\npm\node_modules\protractor\node_modules\jasmine-core\lib\jasmine-core\jasmine.js:526:10)
    at UserContext.fn (C:\Users\janani\AppData\Roaming\npm\node_modules\protractor\node_modules\jasmine-core\lib\jasmine-core\jasmine.js:5340:37)
    at attempt (C:\Users\janani\AppData\Roaming\npm\node_modules\protractor\node_modules\jasmine-core\lib\jasmine-core\jasmine.js:4297:26)
    at QueueRunner.run (C:\Users\janani\AppData\Roaming\npm\node_modules\protractor\node_modules\jasmine-core\lib\jasmine-core\jasmine.js:4217:20)
    at runNext (C:\Users\janani\AppData\Roaming\npm\node_modules\protractor\node_modules\jasmine-core\lib\jasmine-core\jasmine.js:4257:20)
From asynchronous test: 
Error
    at Suite.<anonymous> (E:\fortee2e\branch\protractor-forte\newyrcquotewithcompanyrules.js:122:3)
    at addSpecsToSuite (C:\Users\janani\AppData\Roaming\npm\node_modules\protractor\node_modules\jasmine-core\lib\jasmine-core\jasmine.js:1107:25)
    at Env.describe (C:\Users\janani\AppData\Roaming\npm\node_modules\protractor\node_modules\jasmine-core\lib\jasmine-core\jasmine.js:1074:7)
    at describe (C:\Users\janani\AppData\Roaming\npm\node_modules\protractor\node_modules\jasmine-core\lib\jasmine-core\jasmine.js:4399:18)
    at Object.<anonymous> (E:\fortee2e\branch\protractor-forte\newyrcquotewithcompanyrules.js:21:1)
    at Module._compile (internal/modules/cjs/loader.js:1133:30)
    at Object.Module._extensions..js (internal/modules/cjs/loader.js:1153:10)
    at Module.load (internal/modules/cjs/loader.js:977:32)
    at Function.Module._load (internal/modules/cjs/loader.js:877:14)]]>
   </failure>
  </testcase>
  <testcase classname="YRC Quote Creation by admin for company that has rules" name="YRC Intrastate net charge should be calculated properly for fak rules 85 to 200 as 300" time="38.805" />
  <testcase classname="YRC Quote Creation by admin for company that has rules" name="YRC Interstate net charge should be calculated properly with high cost charge included" time="39.179" />
  <testcase classname="YRC Quote Creation by admin for company that has rules" name="YRC special rules zip to zip should calculate netcharge properly with configured discounts" time="39.227" />
  <testcase classname="YRC Quote Creation by admin for company that has rules" name="YRC special rules zip to state should calculate netcharge properly with configured discounts" time="39.151" />
  <testcase classname="YRC Quote Creation by admin for company that has rules" name="YRC special rules state to zip should calculate netcharge properly with configured discounts" time="39.128" />
  <testcase classname="YRC Quote Creation by admin for company that has rules" name="YRC special rules ALL to state TX should calculate netcharge properly with configured discounts" time="39.073" />
  <testcase classname="YRC Quote Creation by admin for company that has rules" name="YRC Cost Plus should calculate netcharge properly with appropriate cost plus factor configured" time="39.065" />
 </testsuite>
 <testsuite name="Fedex Economy Quote Creation by admin for company that has rules" timestamp="2020-06-27T18:42:41" hostname="localhost" time="162.222" errors="0" tests="3" skipped="0" disabled="0" failures="0">
  <testcase classname="Fedex Economy Quote Creation by admin for company that has rules" name="Fedex Regional Net Charge should be calculated properly with configured discounts" time="39.235" />
  <testcase classname="Fedex Economy Quote Creation by admin for company that has rules" name="Fedex InterRegional Net Charge should be calculated properly with configured discounts" time="39.182" />
  <testcase classname="Fedex Economy Quote Creation by admin for company that has rules" name="Fedex Special Rules Net Charge should be calculated properly with configured discounts for ALL to zip 30003" time="40.988" />
 </testsuite>
 <testsuite name="Reddaway Quote Creation by admin for company that has rules" timestamp="2020-06-27T18:45:23" hostname="localhost" time="174.513" errors="0" tests="4" skipped="0" disabled="0" failures="3">
  <testcase classname="Reddaway Quote Creation by admin for company that has rules" name="Reddaway Regional InDirect Net Charge should be calculated properly with configured discounts" time="42.609" />
  <testcase classname="Reddaway Quote Creation by admin for company that has rules" name="Reddaway Regional Direct  IntraState Net Charge should be calculated properly with configured discounts" time="40.287" />
  <testcase classname="Reddaway Quote Creation by admin for company that has rules" name="Reddaway Special Rules All West to ZIP  Net Charge should be calculated properly with configured discounts" time="40.296">
   <failure type="toEqual" message="Expected &apos;$200.62&apos; to equal &apos;$1270.80&apos;."><![CDATA[Error: Failed expectation
    at E:\fortee2e\branch\protractor-forte\newreddawayquotewithcompanyrules.js:191:60
    at ManagedPromise.invokeCallback_ (C:\Users\janani\AppData\Roaming\npm\node_modules\protractor\node_modules\selenium-webdriver\lib\promise.js:1376:14)
    at TaskQueue.execute_ (C:\Users\janani\AppData\Roaming\npm\node_modules\protractor\node_modules\selenium-webdriver\lib\promise.js:3084:14)
    at TaskQueue.executeNext_ (C:\Users\janani\AppData\Roaming\npm\node_modules\protractor\node_modules\selenium-webdriver\lib\promise.js:3067:27)
    at C:\Users\janani\AppData\Roaming\npm\node_modules\protractor\node_modules\selenium-webdriver\lib\promise.js:2927:27
    at C:\Users\janani\AppData\Roaming\npm\node_modules\protractor\node_modules\selenium-webdriver\lib\promise.js:668:7]]>
   </failure>
   <failure type="toEqual" message="Expected &apos;$261.81&apos; to equal &apos;$1663.27&apos;."><![CDATA[Error: Failed expectation
    at E:\fortee2e\branch\protractor-forte\newreddawayquotewithcompanyrules.js:194:60
    at ManagedPromise.invokeCallback_ (C:\Users\janani\AppData\Roaming\npm\node_modules\protractor\node_modules\selenium-webdriver\lib\promise.js:1376:14)
    at TaskQueue.execute_ (C:\Users\janani\AppData\Roaming\npm\node_modules\protractor\node_modules\selenium-webdriver\lib\promise.js:3084:14)
    at TaskQueue.executeNext_ (C:\Users\janani\AppData\Roaming\npm\node_modules\protractor\node_modules\selenium-webdriver\lib\promise.js:3067:27)
    at C:\Users\janani\AppData\Roaming\npm\node_modules\protractor\node_modules\selenium-webdriver\lib\promise.js:2927:27
    at C:\Users\janani\AppData\Roaming\npm\node_modules\protractor\node_modules\selenium-webdriver\lib\promise.js:668:7]]>
   </failure>
  </testcase>
  <testcase classname="Reddaway Quote Creation by admin for company that has rules" name="Reddaway BayArea SFO Metro Terminal Net Charge should be calculated properly with configured discounts" time="8.434">
   <failure type="exception" message="Failed: element not interactable
  (Session info: chrome=83.0.4103.116)
Build info: version: &apos;3.141.59&apos;, revision: &apos;e82be7d358&apos;, time: &apos;2018-11-14T08:25:53&apos;
System info: host: &apos;JANANI-PC&apos;, ip: &apos;192.168.157.1&apos;, os.name: &apos;Windows 7&apos;, os.arch: &apos;amd64&apos;, os.version: &apos;6.1&apos;, java.version: &apos;14.0.1&apos;
Driver info: driver.version: unknown"><![CDATA[WebDriverError: element not interactable
  (Session info: chrome=83.0.4103.116)
Build info: version: '3.141.59', revision: 'e82be7d358', time: '2018-11-14T08:25:53'
System info: host: 'JANANI-PC', ip: '192.168.157.1', os.name: 'Windows 7', os.arch: 'amd64', os.version: '6.1', java.version: '14.0.1'
Driver info: driver.version: unknown
    at Object.checkLegacyResponse (C:\Users\janani\AppData\Roaming\npm\node_modules\protractor\node_modules\selenium-webdriver\lib\error.js:546:15)
    at parseHttpResponse (C:\Users\janani\AppData\Roaming\npm\node_modules\protractor\node_modules\selenium-webdriver\lib\http.js:509:13)
    at C:\Users\janani\AppData\Roaming\npm\node_modules\protractor\node_modules\selenium-webdriver\lib\http.js:441:30
    at runMicrotasks (<anonymous>)
    at processTicksAndRejections (internal/process/task_queues.js:97:5)
From: Task: WebElement.sendKeys()
    at thenableWebDriverProxy.schedule (C:\Users\janani\AppData\Roaming\npm\node_modules\protractor\node_modules\selenium-webdriver\lib\webdriver.js:807:17)
    at WebElement.schedule_ (C:\Users\janani\AppData\Roaming\npm\node_modules\protractor\node_modules\selenium-webdriver\lib\webdriver.js:2010:25)
    at WebElement.sendKeys (C:\Users\janani\AppData\Roaming\npm\node_modules\protractor\node_modules\selenium-webdriver\lib\webdriver.js:2174:19)
    at actionFn (C:\Users\janani\AppData\Roaming\npm\node_modules\protractor\built\element.js:89:44)
    at Array.map (<anonymous>)
    at C:\Users\janani\AppData\Roaming\npm\node_modules\protractor\built\element.js:461:65
    at ManagedPromise.invokeCallback_ (C:\Users\janani\AppData\Roaming\npm\node_modules\protractor\node_modules\selenium-webdriver\lib\promise.js:1376:14)
    at TaskQueue.execute_ (C:\Users\janani\AppData\Roaming\npm\node_modules\protractor\node_modules\selenium-webdriver\lib\promise.js:3084:14)
    at TaskQueue.executeNext_ (C:\Users\janani\AppData\Roaming\npm\node_modules\protractor\node_modules\selenium-webdriver\lib\promise.js:3067:27)
    at C:\Users\janani\AppData\Roaming\npm\node_modules\protractor\node_modules\selenium-webdriver\lib\promise.js:2927:27Error
    at ElementArrayFinder.applyAction_ (C:\Users\janani\AppData\Roaming\npm\node_modules\protractor\built\element.js:459:27)
    at ElementArrayFinder.<computed> [as sendKeys] (C:\Users\janani\AppData\Roaming\npm\node_modules\protractor\built\element.js:91:29)
    at ElementFinder.<computed> [as sendKeys] (C:\Users\janani\AppData\Roaming\npm\node_modules\protractor\built\element.js:831:22)
    at InternalViewForm.enterOrginZipcode (E:\fortee2e\branch\protractor-forte\pageobjects\InternalViewForm.js:125:27)
    at CreateLTLQuote.createLtlQuoteRules (E:\fortee2e\branch\protractor-forte\common\createltlquote.js:31:18)
    at E:\fortee2e\branch\protractor-forte\newreddawayquotewithcompanyrules.js:223:20
    at ManagedPromise.invokeCallback_ (C:\Users\janani\AppData\Roaming\npm\node_modules\protractor\node_modules\selenium-webdriver\lib\promise.js:1376:14)
    at TaskQueue.execute_ (C:\Users\janani\AppData\Roaming\npm\node_modules\protractor\node_modules\selenium-webdriver\lib\promise.js:3084:14)
    at TaskQueue.executeNext_ (C:\Users\janani\AppData\Roaming\npm\node_modules\protractor\node_modules\selenium-webdriver\lib\promise.js:3067:27)
    at C:\Users\janani\AppData\Roaming\npm\node_modules\protractor\node_modules\selenium-webdriver\lib\promise.js:2927:27
From: Task: Run it("Reddaway BayArea SFO Metro Terminal Net Charge should be calculated properly with configured discounts") in control flow
    at UserContext.<anonymous> (C:\Users\janani\AppData\Roaming\npm\node_modules\protractor\node_modules\jasminewd2\index.js:94:19)
    at attempt (C:\Users\janani\AppData\Roaming\npm\node_modules\protractor\node_modules\jasmine-core\lib\jasmine-core\jasmine.js:4297:26)
    at QueueRunner.run (C:\Users\janani\AppData\Roaming\npm\node_modules\protractor\node_modules\jasmine-core\lib\jasmine-core\jasmine.js:4217:20)
    at QueueRunner.execute (C:\Users\janani\AppData\Roaming\npm\node_modules\protractor\node_modules\jasmine-core\lib\jasmine-core\jasmine.js:4199:10)
    at Spec.queueRunnerFactory (C:\Users\janani\AppData\Roaming\npm\node_modules\protractor\node_modules\jasmine-core\lib\jasmine-core\jasmine.js:909:35)
    at Spec.execute (C:\Users\janani\AppData\Roaming\npm\node_modules\protractor\node_modules\jasmine-core\lib\jasmine-core\jasmine.js:526:10)
    at UserContext.fn (C:\Users\janani\AppData\Roaming\npm\node_modules\protractor\node_modules\jasmine-core\lib\jasmine-core\jasmine.js:5340:37)
    at attempt (C:\Users\janani\AppData\Roaming\npm\node_modules\protractor\node_modules\jasmine-core\lib\jasmine-core\jasmine.js:4297:26)
    at QueueRunner.run (C:\Users\janani\AppData\Roaming\npm\node_modules\protractor\node_modules\jasmine-core\lib\jasmine-core\jasmine.js:4217:20)
    at runNext (C:\Users\janani\AppData\Roaming\npm\node_modules\protractor\node_modules\jasmine-core\lib\jasmine-core\jasmine.js:4257:20)
From asynchronous test: 
Error
    at Suite.<anonymous> (E:\fortee2e\branch\protractor-forte\newreddawayquotewithcompanyrules.js:209:3)
    at addSpecsToSuite (C:\Users\janani\AppData\Roaming\npm\node_modules\protractor\node_modules\jasmine-core\lib\jasmine-core\jasmine.js:1107:25)
    at Env.describe (C:\Users\janani\AppData\Roaming\npm\node_modules\protractor\node_modules\jasmine-core\lib\jasmine-core\jasmine.js:1074:7)
    at describe (C:\Users\janani\AppData\Roaming\npm\node_modules\protractor\node_modules\jasmine-core\lib\jasmine-core\jasmine.js:4399:18)
    at Object.<anonymous> (E:\fortee2e\branch\protractor-forte\newreddawayquotewithcompanyrules.js:23:1)
    at Module._compile (internal/modules/cjs/loader.js:1133:30)
    at Object.Module._extensions..js (internal/modules/cjs/loader.js:1153:10)
    at Module.load (internal/modules/cjs/loader.js:977:32)
    at Function.Module._load (internal/modules/cjs/loader.js:877:14)]]>
   </failure>
  </testcase>
 </testsuite>
 <testsuite name="External Customer logs in for creating external quotes" timestamp="2020-06-27T18:48:17" hostname="localhost" time="234.571" errors="0" tests="6" skipped="0" disabled="0" failures="0">
  <testcase classname="External Customer logs in for creating external quotes" name="should move from Dashboard to Request a rate quote" time="4.22" />
  <testcase classname="External Customer logs in for creating external quotes" name="should move from Request a rate quote to Ltl quote" time="7.287" />
  <testcase classname="External Customer logs in for creating external quotes" name="should create quote for YRC carrier" time="45.397" />
  <testcase classname="External Customer logs in for creating external quotes" name="should create quote for fedex Economy carrier" time="45.176" />
  <testcase classname="External Customer logs in for creating external quotes" name="should create quote for reddaway carrier" time="45.162" />
  <testcase classname="External Customer logs in for creating external quotes" name="should create quote for yrc interstate carrier will result a error message" time="38.105" />
 </testsuite>
 <testsuite name="External Customer logs in for creating Bill of lading" timestamp="2020-06-27T18:52:12" hostname="localhost" time="450.504" errors="0" tests="10" skipped="0" disabled="0" failures="6">
  <testcase classname="External Customer logs in for creating Bill of lading" name="should move on to the Bol screen" time="4.791" />
  <testcase classname="External Customer logs in for creating Bill of lading" name="should create Bol for YRC carrier with NonItemized Shipment" time="104.525" />
  <testcase classname="External Customer logs in for creating Bill of lading" name="should create Bol for Fedex Economy carrier with NonItemized Shipment" time="104.077" />
  <testcase classname="External Customer logs in for creating Bill of lading" name="should create Bol for Reddaway carrier with NonItemized Shipment" time="103.864" />
  <testcase classname="External Customer logs in for creating Bill of lading" name="should create Bol for YRC carrier with Itemized Shipment" time="46.807">
   <failure type="exception" message="Failed: element not interactable
  (Session info: chrome=83.0.4103.116)
Build info: version: &apos;3.141.59&apos;, revision: &apos;e82be7d358&apos;, time: &apos;2018-11-14T08:25:53&apos;
System info: host: &apos;JANANI-PC&apos;, ip: &apos;192.168.157.1&apos;, os.name: &apos;Windows 7&apos;, os.arch: &apos;amd64&apos;, os.version: &apos;6.1&apos;, java.version: &apos;14.0.1&apos;
Driver info: driver.version: unknown"><![CDATA[WebDriverError: element not interactable
  (Session info: chrome=83.0.4103.116)
Build info: version: '3.141.59', revision: 'e82be7d358', time: '2018-11-14T08:25:53'
System info: host: 'JANANI-PC', ip: '192.168.157.1', os.name: 'Windows 7', os.arch: 'amd64', os.version: '6.1', java.version: '14.0.1'
Driver info: driver.version: unknown
    at Object.checkLegacyResponse (C:\Users\janani\AppData\Roaming\npm\node_modules\protractor\node_modules\selenium-webdriver\lib\error.js:546:15)
    at parseHttpResponse (C:\Users\janani\AppData\Roaming\npm\node_modules\protractor\node_modules\selenium-webdriver\lib\http.js:509:13)
    at C:\Users\janani\AppData\Roaming\npm\node_modules\protractor\node_modules\selenium-webdriver\lib\http.js:441:30
    at runMicrotasks (<anonymous>)
    at processTicksAndRejections (internal/process/task_queues.js:97:5)
From: Task: WebElement.sendKeys()
    at thenableWebDriverProxy.schedule (C:\Users\janani\AppData\Roaming\npm\node_modules\protractor\node_modules\selenium-webdriver\lib\webdriver.js:807:17)
    at WebElement.schedule_ (C:\Users\janani\AppData\Roaming\npm\node_modules\protractor\node_modules\selenium-webdriver\lib\webdriver.js:2010:25)
    at WebElement.sendKeys (C:\Users\janani\AppData\Roaming\npm\node_modules\protractor\node_modules\selenium-webdriver\lib\webdriver.js:2174:19)
    at actionFn (C:\Users\janani\AppData\Roaming\npm\node_modules\protractor\built\element.js:89:44)
    at Array.map (<anonymous>)
    at C:\Users\janani\AppData\Roaming\npm\node_modules\protractor\built\element.js:461:65
    at ManagedPromise.invokeCallback_ (C:\Users\janani\AppData\Roaming\npm\node_modules\protractor\node_modules\selenium-webdriver\lib\promise.js:1376:14)
    at TaskQueue.execute_ (C:\Users\janani\AppData\Roaming\npm\node_modules\protractor\node_modules\selenium-webdriver\lib\promise.js:3084:14)
    at TaskQueue.executeNext_ (C:\Users\janani\AppData\Roaming\npm\node_modules\protractor\node_modules\selenium-webdriver\lib\promise.js:3067:27)
    at C:\Users\janani\AppData\Roaming\npm\node_modules\protractor\node_modules\selenium-webdriver\lib\promise.js:2927:27Error
    at ElementArrayFinder.applyAction_ (C:\Users\janani\AppData\Roaming\npm\node_modules\protractor\built\element.js:459:27)
    at ElementArrayFinder.<computed> [as sendKeys] (C:\Users\janani\AppData\Roaming\npm\node_modules\protractor\built\element.js:91:29)
    at ElementFinder.<computed> [as sendKeys] (C:\Users\janani\AppData\Roaming\npm\node_modules\protractor\built\element.js:831:22)
    at CreateBolForm.enterDescPieces (E:\fortee2e\branch\protractor-forte\pageobjects\CreateBolForm.js:356:24)
    at CreateBolQuote.createBolQuote (E:\fortee2e\branch\protractor-forte\common\createBolquote.js:148:21)
    at E:\fortee2e\branch\protractor-forte\createbol.js:201:22
    at ManagedPromise.invokeCallback_ (C:\Users\janani\AppData\Roaming\npm\node_modules\protractor\node_modules\selenium-webdriver\lib\promise.js:1376:14)
    at TaskQueue.execute_ (C:\Users\janani\AppData\Roaming\npm\node_modules\protractor\node_modules\selenium-webdriver\lib\promise.js:3084:14)
    at TaskQueue.executeNext_ (C:\Users\janani\AppData\Roaming\npm\node_modules\protractor\node_modules\selenium-webdriver\lib\promise.js:3067:27)
    at C:\Users\janani\AppData\Roaming\npm\node_modules\protractor\node_modules\selenium-webdriver\lib\promise.js:2927:27
From: Task: Run it("should create Bol for YRC carrier with Itemized Shipment") in control flow
    at UserContext.<anonymous> (C:\Users\janani\AppData\Roaming\npm\node_modules\protractor\node_modules\jasminewd2\index.js:94:19)
    at attempt (C:\Users\janani\AppData\Roaming\npm\node_modules\protractor\node_modules\jasmine-core\lib\jasmine-core\jasmine.js:4297:26)
    at QueueRunner.run (C:\Users\janani\AppData\Roaming\npm\node_modules\protractor\node_modules\jasmine-core\lib\jasmine-core\jasmine.js:4217:20)
    at QueueRunner.execute (C:\Users\janani\AppData\Roaming\npm\node_modules\protractor\node_modules\jasmine-core\lib\jasmine-core\jasmine.js:4199:10)
    at Spec.queueRunnerFactory (C:\Users\janani\AppData\Roaming\npm\node_modules\protractor\node_modules\jasmine-core\lib\jasmine-core\jasmine.js:909:35)
    at Spec.execute (C:\Users\janani\AppData\Roaming\npm\node_modules\protractor\node_modules\jasmine-core\lib\jasmine-core\jasmine.js:526:10)
    at UserContext.fn (C:\Users\janani\AppData\Roaming\npm\node_modules\protractor\node_modules\jasmine-core\lib\jasmine-core\jasmine.js:5340:37)
    at attempt (C:\Users\janani\AppData\Roaming\npm\node_modules\protractor\node_modules\jasmine-core\lib\jasmine-core\jasmine.js:4297:26)
    at QueueRunner.run (C:\Users\janani\AppData\Roaming\npm\node_modules\protractor\node_modules\jasmine-core\lib\jasmine-core\jasmine.js:4217:20)
    at runNext (C:\Users\janani\AppData\Roaming\npm\node_modules\protractor\node_modules\jasmine-core\lib\jasmine-core\jasmine.js:4257:20)
From asynchronous test: 
Error
    at Suite.<anonymous> (E:\fortee2e\branch\protractor-forte\createbol.js:186:3)
    at addSpecsToSuite (C:\Users\janani\AppData\Roaming\npm\node_modules\protractor\node_modules\jasmine-core\lib\jasmine-core\jasmine.js:1107:25)
    at Env.describe (C:\Users\janani\AppData\Roaming\npm\node_modules\protractor\node_modules\jasmine-core\lib\jasmine-core\jasmine.js:1074:7)
    at describe (C:\Users\janani\AppData\Roaming\npm\node_modules\protractor\node_modules\jasmine-core\lib\jasmine-core\jasmine.js:4399:18)
    at Object.<anonymous> (E:\fortee2e\branch\protractor-forte\createbol.js:24:1)
    at Module._compile (internal/modules/cjs/loader.js:1133:30)
    at Object.Module._extensions..js (internal/modules/cjs/loader.js:1153:10)
    at Module.load (internal/modules/cjs/loader.js:977:32)
    at Function.Module._load (internal/modules/cjs/loader.js:877:14)]]>
   </failure>
  </testcase>
  <testcase classname="External Customer logs in for creating Bill of lading" name="should create Bol for Fedex Economy carrier with Itemized Shipment" time="5.715">
   <failure type="exception" message="Failed: No element found using locator: By(css selector, *[id=&quot;bolTitle&quot;])"><![CDATA[NoSuchElementError: No element found using locator: By(css selector, *[id="bolTitle"])
    at C:\Users\janani\AppData\Roaming\npm\node_modules\protractor\built\element.js:814:27
    at ManagedPromise.invokeCallback_ (C:\Users\janani\AppData\Roaming\npm\node_modules\protractor\node_modules\selenium-webdriver\lib\promise.js:1376:14)
    at TaskQueue.execute_ (C:\Users\janani\AppData\Roaming\npm\node_modules\protractor\node_modules\selenium-webdriver\lib\promise.js:3084:14)
    at TaskQueue.executeNext_ (C:\Users\janani\AppData\Roaming\npm\node_modules\protractor\node_modules\selenium-webdriver\lib\promise.js:3067:27)
    at C:\Users\janani\AppData\Roaming\npm\node_modules\protractor\node_modules\selenium-webdriver\lib\promise.js:2927:27
    at C:\Users\janani\AppData\Roaming\npm\node_modules\protractor\node_modules\selenium-webdriver\lib\promise.js:668:7
    at runMicrotasks (<anonymous>)
    at processTicksAndRejections (internal/process/task_queues.js:97:5)Error
    at ElementArrayFinder.applyAction_ (C:\Users\janani\AppData\Roaming\npm\node_modules\protractor\built\element.js:459:27)
    at ElementArrayFinder.<computed> [as click] (C:\Users\janani\AppData\Roaming\npm\node_modules\protractor\built\element.js:91:29)
    at ElementFinder.<computed> [as click] (C:\Users\janani\AppData\Roaming\npm\node_modules\protractor\built\element.js:831:22)
    at ExternalDashboardForm.clickOnCreateBol (E:\fortee2e\branch\protractor-forte\pageobjects\ExternalDashboardForm.js:14:28)
    at E:\fortee2e\branch\protractor-forte\createbol.js:231:29
    at ManagedPromise.invokeCallback_ (C:\Users\janani\AppData\Roaming\npm\node_modules\protractor\node_modules\selenium-webdriver\lib\promise.js:1376:14)
    at TaskQueue.execute_ (C:\Users\janani\AppData\Roaming\npm\node_modules\protractor\node_modules\selenium-webdriver\lib\promise.js:3084:14)
    at TaskQueue.executeNext_ (C:\Users\janani\AppData\Roaming\npm\node_modules\protractor\node_modules\selenium-webdriver\lib\promise.js:3067:27)
    at C:\Users\janani\AppData\Roaming\npm\node_modules\protractor\node_modules\selenium-webdriver\lib\promise.js:2927:27
    at C:\Users\janani\AppData\Roaming\npm\node_modules\protractor\node_modules\selenium-webdriver\lib\promise.js:668:7
From: Task: Run it("should create Bol for Fedex Economy carrier with Itemized Shipment") in control flow
    at UserContext.<anonymous> (C:\Users\janani\AppData\Roaming\npm\node_modules\protractor\node_modules\jasminewd2\index.js:94:19)
    at attempt (C:\Users\janani\AppData\Roaming\npm\node_modules\protractor\node_modules\jasmine-core\lib\jasmine-core\jasmine.js:4297:26)
    at QueueRunner.run (C:\Users\janani\AppData\Roaming\npm\node_modules\protractor\node_modules\jasmine-core\lib\jasmine-core\jasmine.js:4217:20)
    at QueueRunner.execute (C:\Users\janani\AppData\Roaming\npm\node_modules\protractor\node_modules\jasmine-core\lib\jasmine-core\jasmine.js:4199:10)
    at Spec.queueRunnerFactory (C:\Users\janani\AppData\Roaming\npm\node_modules\protractor\node_modules\jasmine-core\lib\jasmine-core\jasmine.js:909:35)
    at Spec.execute (C:\Users\janani\AppData\Roaming\npm\node_modules\protractor\node_modules\jasmine-core\lib\jasmine-core\jasmine.js:526:10)
    at UserContext.fn (C:\Users\janani\AppData\Roaming\npm\node_modules\protractor\node_modules\jasmine-core\lib\jasmine-core\jasmine.js:5340:37)
    at attempt (C:\Users\janani\AppData\Roaming\npm\node_modules\protractor\node_modules\jasmine-core\lib\jasmine-core\jasmine.js:4297:26)
    at QueueRunner.run (C:\Users\janani\AppData\Roaming\npm\node_modules\protractor\node_modules\jasmine-core\lib\jasmine-core\jasmine.js:4217:20)
    at runNext (C:\Users\janani\AppData\Roaming\npm\node_modules\protractor\node_modules\jasmine-core\lib\jasmine-core\jasmine.js:4257:20)
From asynchronous test: 
Error
    at Suite.<anonymous> (E:\fortee2e\branch\protractor-forte\createbol.js:226:3)
    at addSpecsToSuite (C:\Users\janani\AppData\Roaming\npm\node_modules\protractor\node_modules\jasmine-core\lib\jasmine-core\jasmine.js:1107:25)
    at Env.describe (C:\Users\janani\AppData\Roaming\npm\node_modules\protractor\node_modules\jasmine-core\lib\jasmine-core\jasmine.js:1074:7)
    at describe (C:\Users\janani\AppData\Roaming\npm\node_modules\protractor\node_modules\jasmine-core\lib\jasmine-core\jasmine.js:4399:18)
    at Object.<anonymous> (E:\fortee2e\branch\protractor-forte\createbol.js:24:1)
    at Module._compile (internal/modules/cjs/loader.js:1133:30)
    at Object.Module._extensions..js (internal/modules/cjs/loader.js:1153:10)
    at Module.load (internal/modules/cjs/loader.js:977:32)
    at Function.Module._load (internal/modules/cjs/loader.js:877:14)]]>
   </failure>
  </testcase>
  <testcase classname="External Customer logs in for creating Bill of lading" name="should create Bol for Reddaway carrier with Itemized Shipment" time="5.381">
   <failure type="exception" message="Failed: No element found using locator: By(css selector, *[id=&quot;bolTitle&quot;])"><![CDATA[NoSuchElementError: No element found using locator: By(css selector, *[id="bolTitle"])
    at C:\Users\janani\AppData\Roaming\npm\node_modules\protractor\built\element.js:814:27
    at ManagedPromise.invokeCallback_ (C:\Users\janani\AppData\Roaming\npm\node_modules\protractor\node_modules\selenium-webdriver\lib\promise.js:1376:14)
    at TaskQueue.execute_ (C:\Users\janani\AppData\Roaming\npm\node_modules\protractor\node_modules\selenium-webdriver\lib\promise.js:3084:14)
    at TaskQueue.executeNext_ (C:\Users\janani\AppData\Roaming\npm\node_modules\protractor\node_modules\selenium-webdriver\lib\promise.js:3067:27)
    at C:\Users\janani\AppData\Roaming\npm\node_modules\protractor\node_modules\selenium-webdriver\lib\promise.js:2927:27
    at C:\Users\janani\AppData\Roaming\npm\node_modules\protractor\node_modules\selenium-webdriver\lib\promise.js:668:7
    at runMicrotasks (<anonymous>)
    at processTicksAndRejections (internal/process/task_queues.js:97:5)Error
    at ElementArrayFinder.applyAction_ (C:\Users\janani\AppData\Roaming\npm\node_modules\protractor\built\element.js:459:27)
    at ElementArrayFinder.<computed> [as click] (C:\Users\janani\AppData\Roaming\npm\node_modules\protractor\built\element.js:91:29)
    at ElementFinder.<computed> [as click] (C:\Users\janani\AppData\Roaming\npm\node_modules\protractor\built\element.js:831:22)
    at ExternalDashboardForm.clickOnCreateBol (E:\fortee2e\branch\protractor-forte\pageobjects\ExternalDashboardForm.js:14:28)
    at E:\fortee2e\branch\protractor-forte\createbol.js:268:29
    at ManagedPromise.invokeCallback_ (C:\Users\janani\AppData\Roaming\npm\node_modules\protractor\node_modules\selenium-webdriver\lib\promise.js:1376:14)
    at TaskQueue.execute_ (C:\Users\janani\AppData\Roaming\npm\node_modules\protractor\node_modules\selenium-webdriver\lib\promise.js:3084:14)
    at TaskQueue.executeNext_ (C:\Users\janani\AppData\Roaming\npm\node_modules\protractor\node_modules\selenium-webdriver\lib\promise.js:3067:27)
    at C:\Users\janani\AppData\Roaming\npm\node_modules\protractor\node_modules\selenium-webdriver\lib\promise.js:2927:27
    at C:\Users\janani\AppData\Roaming\npm\node_modules\protractor\node_modules\selenium-webdriver\lib\promise.js:668:7
From: Task: Run it("should create Bol for Reddaway carrier with Itemized Shipment") in control flow
    at UserContext.<anonymous> (C:\Users\janani\AppData\Roaming\npm\node_modules\protractor\node_modules\jasminewd2\index.js:94:19)
    at attempt (C:\Users\janani\AppData\Roaming\npm\node_modules\protractor\node_modules\jasmine-core\lib\jasmine-core\jasmine.js:4297:26)
    at QueueRunner.run (C:\Users\janani\AppData\Roaming\npm\node_modules\protractor\node_modules\jasmine-core\lib\jasmine-core\jasmine.js:4217:20)
    at QueueRunner.execute (C:\Users\janani\AppData\Roaming\npm\node_modules\protractor\node_modules\jasmine-core\lib\jasmine-core\jasmine.js:4199:10)
    at Spec.queueRunnerFactory (C:\Users\janani\AppData\Roaming\npm\node_modules\protractor\node_modules\jasmine-core\lib\jasmine-core\jasmine.js:909:35)
    at Spec.execute (C:\Users\janani\AppData\Roaming\npm\node_modules\protractor\node_modules\jasmine-core\lib\jasmine-core\jasmine.js:526:10)
    at UserContext.fn (C:\Users\janani\AppData\Roaming\npm\node_modules\protractor\node_modules\jasmine-core\lib\jasmine-core\jasmine.js:5340:37)
    at attempt (C:\Users\janani\AppData\Roaming\npm\node_modules\protractor\node_modules\jasmine-core\lib\jasmine-core\jasmine.js:4297:26)
    at QueueRunner.run (C:\Users\janani\AppData\Roaming\npm\node_modules\protractor\node_modules\jasmine-core\lib\jasmine-core\jasmine.js:4217:20)
    at runNext (C:\Users\janani\AppData\Roaming\npm\node_modules\protractor\node_modules\jasmine-core\lib\jasmine-core\jasmine.js:4257:20)
From asynchronous test: 
Error
    at Suite.<anonymous> (E:\fortee2e\branch\protractor-forte\createbol.js:261:3)
    at addSpecsToSuite (C:\Users\janani\AppData\Roaming\npm\node_modules\protractor\node_modules\jasmine-core\lib\jasmine-core\jasmine.js:1107:25)
    at Env.describe (C:\Users\janani\AppData\Roaming\npm\node_modules\protractor\node_modules\jasmine-core\lib\jasmine-core\jasmine.js:1074:7)
    at describe (C:\Users\janani\AppData\Roaming\npm\node_modules\protractor\node_modules\jasmine-core\lib\jasmine-core\jasmine.js:4399:18)
    at Object.<anonymous> (E:\fortee2e\branch\protractor-forte\createbol.js:24:1)
    at Module._compile (internal/modules/cjs/loader.js:1133:30)
    at Object.Module._extensions..js (internal/modules/cjs/loader.js:1153:10)
    at Module.load (internal/modules/cjs/loader.js:977:32)
    at Function.Module._load (internal/modules/cjs/loader.js:877:14)]]>
   </failure>
  </testcase>
  <testcase classname="External Customer logs in for creating Bill of lading" name="should create Bol for YRC carrier with Multi Class Shipment" time="5.385">
   <failure type="exception" message="Failed: No element found using locator: By(css selector, *[id=&quot;bolTitle&quot;])"><![CDATA[NoSuchElementError: No element found using locator: By(css selector, *[id="bolTitle"])
    at C:\Users\janani\AppData\Roaming\npm\node_modules\protractor\built\element.js:814:27
    at ManagedPromise.invokeCallback_ (C:\Users\janani\AppData\Roaming\npm\node_modules\protractor\node_modules\selenium-webdriver\lib\promise.js:1376:14)
    at TaskQueue.execute_ (C:\Users\janani\AppData\Roaming\npm\node_modules\protractor\node_modules\selenium-webdriver\lib\promise.js:3084:14)
    at TaskQueue.executeNext_ (C:\Users\janani\AppData\Roaming\npm\node_modules\protractor\node_modules\selenium-webdriver\lib\promise.js:3067:27)
    at C:\Users\janani\AppData\Roaming\npm\node_modules\protractor\node_modules\selenium-webdriver\lib\promise.js:2927:27
    at C:\Users\janani\AppData\Roaming\npm\node_modules\protractor\node_modules\selenium-webdriver\lib\promise.js:668:7
    at runMicrotasks (<anonymous>)
    at processTicksAndRejections (internal/process/task_queues.js:97:5)Error
    at ElementArrayFinder.applyAction_ (C:\Users\janani\AppData\Roaming\npm\node_modules\protractor\built\element.js:459:27)
    at ElementArrayFinder.<computed> [as click] (C:\Users\janani\AppData\Roaming\npm\node_modules\protractor\built\element.js:91:29)
    at ElementFinder.<computed> [as click] (C:\Users\janani\AppData\Roaming\npm\node_modules\protractor\built\element.js:831:22)
    at ExternalDashboardForm.clickOnCreateBol (E:\fortee2e\branch\protractor-forte\pageobjects\ExternalDashboardForm.js:14:28)
    at E:\fortee2e\branch\protractor-forte\createbol.js:310:29
    at ManagedPromise.invokeCallback_ (C:\Users\janani\AppData\Roaming\npm\node_modules\protractor\node_modules\selenium-webdriver\lib\promise.js:1376:14)
    at TaskQueue.execute_ (C:\Users\janani\AppData\Roaming\npm\node_modules\protractor\node_modules\selenium-webdriver\lib\promise.js:3084:14)
    at TaskQueue.executeNext_ (C:\Users\janani\AppData\Roaming\npm\node_modules\protractor\node_modules\selenium-webdriver\lib\promise.js:3067:27)
    at C:\Users\janani\AppData\Roaming\npm\node_modules\protractor\node_modules\selenium-webdriver\lib\promise.js:2927:27
    at C:\Users\janani\AppData\Roaming\npm\node_modules\protractor\node_modules\selenium-webdriver\lib\promise.js:668:7
From: Task: Run it("should create Bol for YRC carrier with Multi Class Shipment") in control flow
    at UserContext.<anonymous> (C:\Users\janani\AppData\Roaming\npm\node_modules\protractor\node_modules\jasminewd2\index.js:94:19)
    at attempt (C:\Users\janani\AppData\Roaming\npm\node_modules\protractor\node_modules\jasmine-core\lib\jasmine-core\jasmine.js:4297:26)
    at QueueRunner.run (C:\Users\janani\AppData\Roaming\npm\node_modules\protractor\node_modules\jasmine-core\lib\jasmine-core\jasmine.js:4217:20)
    at QueueRunner.execute (C:\Users\janani\AppData\Roaming\npm\node_modules\protractor\node_modules\jasmine-core\lib\jasmine-core\jasmine.js:4199:10)
    at Spec.queueRunnerFactory (C:\Users\janani\AppData\Roaming\npm\node_modules\protractor\node_modules\jasmine-core\lib\jasmine-core\jasmine.js:909:35)
    at Spec.execute (C:\Users\janani\AppData\Roaming\npm\node_modules\protractor\node_modules\jasmine-core\lib\jasmine-core\jasmine.js:526:10)
    at UserContext.fn (C:\Users\janani\AppData\Roaming\npm\node_modules\protractor\node_modules\jasmine-core\lib\jasmine-core\jasmine.js:5340:37)
    at attempt (C:\Users\janani\AppData\Roaming\npm\node_modules\protractor\node_modules\jasmine-core\lib\jasmine-core\jasmine.js:4297:26)
    at QueueRunner.run (C:\Users\janani\AppData\Roaming\npm\node_modules\protractor\node_modules\jasmine-core\lib\jasmine-core\jasmine.js:4217:20)
    at runNext (C:\Users\janani\AppData\Roaming\npm\node_modules\protractor\node_modules\jasmine-core\lib\jasmine-core\jasmine.js:4257:20)
From asynchronous test: 
Error
    at Suite.<anonymous> (E:\fortee2e\branch\protractor-forte\createbol.js:303:3)
    at addSpecsToSuite (C:\Users\janani\AppData\Roaming\npm\node_modules\protractor\node_modules\jasmine-core\lib\jasmine-core\jasmine.js:1107:25)
    at Env.describe (C:\Users\janani\AppData\Roaming\npm\node_modules\protractor\node_modules\jasmine-core\lib\jasmine-core\jasmine.js:1074:7)
    at describe (C:\Users\janani\AppData\Roaming\npm\node_modules\protractor\node_modules\jasmine-core\lib\jasmine-core\jasmine.js:4399:18)
    at Object.<anonymous> (E:\fortee2e\branch\protractor-forte\createbol.js:24:1)
    at Module._compile (internal/modules/cjs/loader.js:1133:30)
    at Object.Module._extensions..js (internal/modules/cjs/loader.js:1153:10)
    at Module.load (internal/modules/cjs/loader.js:977:32)
    at Function.Module._load (internal/modules/cjs/loader.js:877:14)]]>
   </failure>
  </testcase>
  <testcase classname="External Customer logs in for creating Bill of lading" name="should create Bol for Fedex Economy carrier with Multi class Shipment" time="5.376">
   <failure type="exception" message="Failed: No element found using locator: By(css selector, *[id=&quot;bolTitle&quot;])"><![CDATA[NoSuchElementError: No element found using locator: By(css selector, *[id="bolTitle"])
    at C:\Users\janani\AppData\Roaming\npm\node_modules\protractor\built\element.js:814:27
    at ManagedPromise.invokeCallback_ (C:\Users\janani\AppData\Roaming\npm\node_modules\protractor\node_modules\selenium-webdriver\lib\promise.js:1376:14)
    at TaskQueue.execute_ (C:\Users\janani\AppData\Roaming\npm\node_modules\protractor\node_modules\selenium-webdriver\lib\promise.js:3084:14)
    at TaskQueue.executeNext_ (C:\Users\janani\AppData\Roaming\npm\node_modules\protractor\node_modules\selenium-webdriver\lib\promise.js:3067:27)
    at C:\Users\janani\AppData\Roaming\npm\node_modules\protractor\node_modules\selenium-webdriver\lib\promise.js:2927:27
    at C:\Users\janani\AppData\Roaming\npm\node_modules\protractor\node_modules\selenium-webdriver\lib\promise.js:668:7
    at runMicrotasks (<anonymous>)
    at processTicksAndRejections (internal/process/task_queues.js:97:5)Error
    at ElementArrayFinder.applyAction_ (C:\Users\janani\AppData\Roaming\npm\node_modules\protractor\built\element.js:459:27)
    at ElementArrayFinder.<computed> [as click] (C:\Users\janani\AppData\Roaming\npm\node_modules\protractor\built\element.js:91:29)
    at ElementFinder.<computed> [as click] (C:\Users\janani\AppData\Roaming\npm\node_modules\protractor\built\element.js:831:22)
    at ExternalDashboardForm.clickOnCreateBol (E:\fortee2e\branch\protractor-forte\pageobjects\ExternalDashboardForm.js:14:28)
    at E:\fortee2e\branch\protractor-forte\createbol.js:349:29
    at ManagedPromise.invokeCallback_ (C:\Users\janani\AppData\Roaming\npm\node_modules\protractor\node_modules\selenium-webdriver\lib\promise.js:1376:14)
    at TaskQueue.execute_ (C:\Users\janani\AppData\Roaming\npm\node_modules\protractor\node_modules\selenium-webdriver\lib\promise.js:3084:14)
    at TaskQueue.executeNext_ (C:\Users\janani\AppData\Roaming\npm\node_modules\protractor\node_modules\selenium-webdriver\lib\promise.js:3067:27)
    at C:\Users\janani\AppData\Roaming\npm\node_modules\protractor\node_modules\selenium-webdriver\lib\promise.js:2927:27
    at C:\Users\janani\AppData\Roaming\npm\node_modules\protractor\node_modules\selenium-webdriver\lib\promise.js:668:7
From: Task: Run it("should create Bol for Fedex Economy carrier with Multi class Shipment") in control flow
    at UserContext.<anonymous> (C:\Users\janani\AppData\Roaming\npm\node_modules\protractor\node_modules\jasminewd2\index.js:94:19)
    at attempt (C:\Users\janani\AppData\Roaming\npm\node_modules\protractor\node_modules\jasmine-core\lib\jasmine-core\jasmine.js:4297:26)
    at QueueRunner.run (C:\Users\janani\AppData\Roaming\npm\node_modules\protractor\node_modules\jasmine-core\lib\jasmine-core\jasmine.js:4217:20)
    at QueueRunner.execute (C:\Users\janani\AppData\Roaming\npm\node_modules\protractor\node_modules\jasmine-core\lib\jasmine-core\jasmine.js:4199:10)
    at Spec.queueRunnerFactory (C:\Users\janani\AppData\Roaming\npm\node_modules\protractor\node_modules\jasmine-core\lib\jasmine-core\jasmine.js:909:35)
    at Spec.execute (C:\Users\janani\AppData\Roaming\npm\node_modules\protractor\node_modules\jasmine-core\lib\jasmine-core\jasmine.js:526:10)
    at UserContext.fn (C:\Users\janani\AppData\Roaming\npm\node_modules\protractor\node_modules\jasmine-core\lib\jasmine-core\jasmine.js:5340:37)
    at attempt (C:\Users\janani\AppData\Roaming\npm\node_modules\protractor\node_modules\jasmine-core\lib\jasmine-core\jasmine.js:4297:26)
    at QueueRunner.run (C:\Users\janani\AppData\Roaming\npm\node_modules\protractor\node_modules\jasmine-core\lib\jasmine-core\jasmine.js:4217:20)
    at runNext (C:\Users\janani\AppData\Roaming\npm\node_modules\protractor\node_modules\jasmine-core\lib\jasmine-core\jasmine.js:4257:20)
From asynchronous test: 
Error
    at Suite.<anonymous> (E:\fortee2e\branch\protractor-forte\createbol.js:344:3)
    at addSpecsToSuite (C:\Users\janani\AppData\Roaming\npm\node_modules\protractor\node_modules\jasmine-core\lib\jasmine-core\jasmine.js:1107:25)
    at Env.describe (C:\Users\janani\AppData\Roaming\npm\node_modules\protractor\node_modules\jasmine-core\lib\jasmine-core\jasmine.js:1074:7)
    at describe (C:\Users\janani\AppData\Roaming\npm\node_modules\protractor\node_modules\jasmine-core\lib\jasmine-core\jasmine.js:4399:18)
    at Object.<anonymous> (E:\fortee2e\branch\protractor-forte\createbol.js:24:1)
    at Module._compile (internal/modules/cjs/loader.js:1133:30)
    at Object.Module._extensions..js (internal/modules/cjs/loader.js:1153:10)
    at Module.load (internal/modules/cjs/loader.js:977:32)
    at Function.Module._load (internal/modules/cjs/loader.js:877:14)]]>
   </failure>
  </testcase>
  <testcase classname="External Customer logs in for creating Bill of lading" name="should create Bol for Reddaway carrier with Multi Class Shipment" time="5.379">
   <failure type="exception" message="Failed: No element found using locator: By(css selector, *[id=&quot;bolTitle&quot;])"><![CDATA[NoSuchElementError: No element found using locator: By(css selector, *[id="bolTitle"])
    at C:\Users\janani\AppData\Roaming\npm\node_modules\protractor\built\element.js:814:27
    at ManagedPromise.invokeCallback_ (C:\Users\janani\AppData\Roaming\npm\node_modules\protractor\node_modules\selenium-webdriver\lib\promise.js:1376:14)
    at TaskQueue.execute_ (C:\Users\janani\AppData\Roaming\npm\node_modules\protractor\node_modules\selenium-webdriver\lib\promise.js:3084:14)
    at TaskQueue.executeNext_ (C:\Users\janani\AppData\Roaming\npm\node_modules\protractor\node_modules\selenium-webdriver\lib\promise.js:3067:27)
    at C:\Users\janani\AppData\Roaming\npm\node_modules\protractor\node_modules\selenium-webdriver\lib\promise.js:2927:27
    at C:\Users\janani\AppData\Roaming\npm\node_modules\protractor\node_modules\selenium-webdriver\lib\promise.js:668:7
    at runMicrotasks (<anonymous>)
    at processTicksAndRejections (internal/process/task_queues.js:97:5)Error
    at ElementArrayFinder.applyAction_ (C:\Users\janani\AppData\Roaming\npm\node_modules\protractor\built\element.js:459:27)
    at ElementArrayFinder.<computed> [as click] (C:\Users\janani\AppData\Roaming\npm\node_modules\protractor\built\element.js:91:29)
    at ElementFinder.<computed> [as click] (C:\Users\janani\AppData\Roaming\npm\node_modules\protractor\built\element.js:831:22)
    at ExternalDashboardForm.clickOnCreateBol (E:\fortee2e\branch\protractor-forte\pageobjects\ExternalDashboardForm.js:14:28)
    at E:\fortee2e\branch\protractor-forte\createbol.js:387:29
    at ManagedPromise.invokeCallback_ (C:\Users\janani\AppData\Roaming\npm\node_modules\protractor\node_modules\selenium-webdriver\lib\promise.js:1376:14)
    at TaskQueue.execute_ (C:\Users\janani\AppData\Roaming\npm\node_modules\protractor\node_modules\selenium-webdriver\lib\promise.js:3084:14)
    at TaskQueue.executeNext_ (C:\Users\janani\AppData\Roaming\npm\node_modules\protractor\node_modules\selenium-webdriver\lib\promise.js:3067:27)
    at C:\Users\janani\AppData\Roaming\npm\node_modules\protractor\node_modules\selenium-webdriver\lib\promise.js:2927:27
    at C:\Users\janani\AppData\Roaming\npm\node_modules\protractor\node_modules\selenium-webdriver\lib\promise.js:668:7
From: Task: Run it("should create Bol for Reddaway carrier with Multi Class Shipment") in control flow
    at UserContext.<anonymous> (C:\Users\janani\AppData\Roaming\npm\node_modules\protractor\node_modules\jasminewd2\index.js:94:19)
    at attempt (C:\Users\janani\AppData\Roaming\npm\node_modules\protractor\node_modules\jasmine-core\lib\jasmine-core\jasmine.js:4297:26)
    at QueueRunner.run (C:\Users\janani\AppData\Roaming\npm\node_modules\protractor\node_modules\jasmine-core\lib\jasmine-core\jasmine.js:4217:20)
    at QueueRunner.execute (C:\Users\janani\AppData\Roaming\npm\node_modules\protractor\node_modules\jasmine-core\lib\jasmine-core\jasmine.js:4199:10)
    at Spec.queueRunnerFactory (C:\Users\janani\AppData\Roaming\npm\node_modules\protractor\node_modules\jasmine-core\lib\jasmine-core\jasmine.js:909:35)
    at Spec.execute (C:\Users\janani\AppData\Roaming\npm\node_modules\protractor\node_modules\jasmine-core\lib\jasmine-core\jasmine.js:526:10)
    at UserContext.fn (C:\Users\janani\AppData\Roaming\npm\node_modules\protractor\node_modules\jasmine-core\lib\jasmine-core\jasmine.js:5340:37)
    at attempt (C:\Users\janani\AppData\Roaming\npm\node_modules\protractor\node_modules\jasmine-core\lib\jasmine-core\jasmine.js:4297:26)
    at QueueRunner.run (C:\Users\janani\AppData\Roaming\npm\node_modules\protractor\node_modules\jasmine-core\lib\jasmine-core\jasmine.js:4217:20)
    at runNext (C:\Users\janani\AppData\Roaming\npm\node_modules\protractor\node_modules\jasmine-core\lib\jasmine-core\jasmine.js:4257:20)
From asynchronous test: 
Error
    at Suite.<anonymous> (E:\fortee2e\branch\protractor-forte\createbol.js:380:3)
    at addSpecsToSuite (C:\Users\janani\AppData\Roaming\npm\node_modules\protractor\node_modules\jasmine-core\lib\jasmine-core\jasmine.js:1107:25)
    at Env.describe (C:\Users\janani\AppData\Roaming\npm\node_modules\protractor\node_modules\jasmine-core\lib\jasmine-core\jasmine.js:1074:7)
    at describe (C:\Users\janani\AppData\Roaming\npm\node_modules\protractor\node_modules\jasmine-core\lib\jasmine-core\jasmine.js:4399:18)
    at Object.<anonymous> (E:\fortee2e\branch\protractor-forte\createbol.js:24:1)
    at Module._compile (internal/modules/cjs/loader.js:1133:30)
    at Object.Module._extensions..js (internal/modules/cjs/loader.js:1153:10)
    at Module.load (internal/modules/cjs/loader.js:977:32)
    at Function.Module._load (internal/modules/cjs/loader.js:877:14)]]>
   </failure>
  </testcase>
 </testsuite>
</testsuites>